<?xml version="1.0" encoding="UTF-8"?>
<!-- Generated by org.testng.reporters.JUnitXMLReporter -->
<testsuite hostname="BB7c971b01" ignored="0" name="Default test" tests="5" failures="0" timestamp="18 Jul 2020 10:26:03 GMT" time="37.916" errors="0">
  <testcase name="amazonLogInTest" time="13.234" classname="com.epam.pageObjectModelWithPageFactoryPattren.TestNGAmazonTester"/>
  <testcase name="searchItemInHomePageTest" time="3.158" classname="com.epam.pageObjectModelWithPageFactoryPattren.TestNGAmazonTester"/>
  <testcase name="selectRandomItemsFromSearchList" time="7.371" classname="com.epam.pageObjectModelWithPageFactoryPattren.TestNGAmazonTester"/>
  <testcase name="navigateToTheCartPage" time="5.557" classname="com.epam.pageObjectModelWithPageFactoryPattren.TestNGAmazonTester"/>
  <testcase name="proccedToPayment" time="8.541" classname="com.epam.pageObjectModelWithPageFactoryPattren.TestNGAmazonTester"/>
</testsuite> <!-- Default test -->
